[2017-01-25 15:56:31] lumen.ERROR: ErrorException: Declaration of App\Models\Article::store($title, $description, $content, $author, $categories, $imageUrl, $thumbnailUrl) should be compatible with App\Models\AzureModel::store(...$numbers) in /Users/santoro/GitHub/azureWEB/app/Models/Article.php:9
Stack trace:
#0 /Users/santoro/GitHub/azureWEB/app/Models/Article.php(9): Laravel\Lumen\Application->Laravel\Lumen\Concerns\{closure}(2, 'Declaration of ...', '/Users/santoro/...', 9, Array)
#1 /Users/santoro/GitHub/azureWEB/vendor/composer/ClassLoader.php(440): include('/Users/santoro/...')
#2 /Users/santoro/GitHub/azureWEB/vendor/composer/ClassLoader.php(322): Composer\Autoload\includeFile('/Users/santoro/...')
#3 [internal function]: Composer\Autoload\ClassLoader->loadClass('App\\Models\\Arti...')
#4 /Users/santoro/GitHub/azureWEB/app/Http/Controllers/ArticleController.php(45): spl_autoload_call('App\\Models\\Arti...')
#5 /Users/santoro/GitHub/azureWEB/app/Http/Controllers/ArticleController.php(33): App\Http\Controllers\ArticleController->front()
#6 [internal function]: App\Http\Controllers\ArticleController->many('en', 'front.html')
#7 /Users/santoro/GitHub/azureWEB/vendor/illuminate/container/Container.php(508): call_user_func_array(Array, Array)
#8 /Users/santoro/GitHub/azureWEB/vendor/laravel/lumen-framework/src/Concerns/RoutesRequests.php(743): Illuminate\Container\Container->call(Array, Array)
#9 /Users/santoro/GitHub/azureWEB/vendor/laravel/lumen-framework/src/Concerns/RoutesRequests.php(709): Laravel\Lumen\Application->callControllerCallable(Array, Array)
#10 /Users/santoro/GitHub/azureWEB/vendor/laravel/lumen-framework/src/Concerns/RoutesRequests.php(683): Laravel\Lumen\Application->callLumenController(Object(App\Http\Controllers\ArticleController), 'many', Array)
#11 /Users/santoro/GitHub/azureWEB/vendor/laravel/lumen-framework/src/Concerns/RoutesRequests.php(645): Laravel\Lumen\Application->callControllerAction(Array)
#12 /Users/santoro/GitHub/azureWEB/vendor/laravel/lumen-framework/src/Concerns/RoutesRequests.php(630): Laravel\Lumen\Application->callActionOnArrayBasedRoute(Array)
#13 /Users/santoro/GitHub/azureWEB/vendor/laravel/lumen-framework/src/Concerns/RoutesRequests.php(600): Laravel\Lumen\Application->handleFoundRoute(Array)
#14 /Users/santoro/GitHub/azureWEB/vendor/laravel/lumen-framework/src/Concerns/RoutesRequests.php(533): Laravel\Lumen\Application->handleDispatcherResponse(Array)
#15 /Users/santoro/GitHub/azureWEB/vendor/laravel/lumen-framework/src/Concerns/RoutesRequests.php(783): Laravel\Lumen\Application->Laravel\Lumen\Concerns\{closure}()
#16 /Users/santoro/GitHub/azureWEB/vendor/laravel/lumen-framework/src/Concerns/RoutesRequests.php(535): Laravel\Lumen\Application->sendThroughPipeline(Array, Object(Closure))
#17 /Users/santoro/GitHub/azureWEB/vendor/laravel/lumen-framework/src/Concerns/RoutesRequests.php(476): Laravel\Lumen\Application->dispatch(NULL)
#18 /Users/santoro/GitHub/azureWEB/public/index.php(28): Laravel\Lumen\Application->run()
#19 {main}  
[2017-01-25 15:56:39] lumen.ERROR: ErrorException: Declaration of App\Models\Article::store($title, $description, $content, $author, $categories, $imageUrl, $thumbnailUrl) should be compatible with App\Models\AzureModel::store(...$numbers) in /Users/santoro/GitHub/azureWEB/app/Models/Article.php:9
Stack trace:
#0 /Users/santoro/GitHub/azureWEB/app/Models/Article.php(9): Laravel\Lumen\Application->Laravel\Lumen\Concerns\{closure}(2, 'Declaration of ...', '/Users/santoro/...', 9, Array)
#1 /Users/santoro/GitHub/azureWEB/vendor/composer/ClassLoader.php(440): include('/Users/santoro/...')
#2 /Users/santoro/GitHub/azureWEB/vendor/composer/ClassLoader.php(322): Composer\Autoload\includeFile('/Users/santoro/...')
#3 [internal function]: Composer\Autoload\ClassLoader->loadClass('App\\Models\\Arti...')
#4 /Users/santoro/GitHub/azureWEB/app/Http/Controllers/ArticleController.php(45): spl_autoload_call('App\\Models\\Arti...')
#5 /Users/santoro/GitHub/azureWEB/app/Http/Controllers/ArticleController.php(33): App\Http\Controllers\ArticleController->front()
#6 [internal function]: App\Http\Controllers\ArticleController->many('en', 'front.html')
#7 /Users/santoro/GitHub/azureWEB/vendor/illuminate/container/Container.php(508): call_user_func_array(Array, Array)
#8 /Users/santoro/GitHub/azureWEB/vendor/laravel/lumen-framework/src/Concerns/RoutesRequests.php(743): Illuminate\Container\Container->call(Array, Array)
#9 /Users/santoro/GitHub/azureWEB/vendor/laravel/lumen-framework/src/Concerns/RoutesRequests.php(709): Laravel\Lumen\Application->callControllerCallable(Array, Array)
#10 /Users/santoro/GitHub/azureWEB/vendor/laravel/lumen-framework/src/Concerns/RoutesRequests.php(683): Laravel\Lumen\Application->callLumenController(Object(App\Http\Controllers\ArticleController), 'many', Array)
#11 /Users/santoro/GitHub/azureWEB/vendor/laravel/lumen-framework/src/Concerns/RoutesRequests.php(645): Laravel\Lumen\Application->callControllerAction(Array)
#12 /Users/santoro/GitHub/azureWEB/vendor/laravel/lumen-framework/src/Concerns/RoutesRequests.php(630): Laravel\Lumen\Application->callActionOnArrayBasedRoute(Array)
#13 /Users/santoro/GitHub/azureWEB/vendor/laravel/lumen-framework/src/Concerns/RoutesRequests.php(600): Laravel\Lumen\Application->handleFoundRoute(Array)
#14 /Users/santoro/GitHub/azureWEB/vendor/laravel/lumen-framework/src/Concerns/RoutesRequests.php(533): Laravel\Lumen\Application->handleDispatcherResponse(Array)
#15 /Users/santoro/GitHub/azureWEB/vendor/laravel/lumen-framework/src/Concerns/RoutesRequests.php(783): Laravel\Lumen\Application->Laravel\Lumen\Concerns\{closure}()
#16 /Users/santoro/GitHub/azureWEB/vendor/laravel/lumen-framework/src/Concerns/RoutesRequests.php(535): Laravel\Lumen\Application->sendThroughPipeline(Array, Object(Closure))
#17 /Users/santoro/GitHub/azureWEB/vendor/laravel/lumen-framework/src/Concerns/RoutesRequests.php(476): Laravel\Lumen\Application->dispatch(NULL)
#18 /Users/santoro/GitHub/azureWEB/public/index.php(28): Laravel\Lumen\Application->run()
#19 {main}  
[2017-01-25 15:56:45] lumen.ERROR: ErrorException: Declaration of App\Models\Article::store($title, $description, $content, $author, $categories, $imageUrl, $thumbnailUrl) should be compatible with App\Models\AzureModel::store(...$numbers) in /Users/santoro/GitHub/azureWEB/app/Models/Article.php:9
Stack trace:
#0 /Users/santoro/GitHub/azureWEB/app/Models/Article.php(9): Laravel\Lumen\Application->Laravel\Lumen\Concerns\{closure}(2, 'Declaration of ...', '/Users/santoro/...', 9, Array)
#1 /Users/santoro/GitHub/azureWEB/vendor/composer/ClassLoader.php(440): include('/Users/santoro/...')
#2 /Users/santoro/GitHub/azureWEB/vendor/composer/ClassLoader.php(322): Composer\Autoload\includeFile('/Users/santoro/...')
#3 [internal function]: Composer\Autoload\ClassLoader->loadClass('App\\Models\\Arti...')
#4 /Users/santoro/GitHub/azureWEB/app/Http/Controllers/ArticleController.php(45): spl_autoload_call('App\\Models\\Arti...')
#5 /Users/santoro/GitHub/azureWEB/app/Http/Controllers/ArticleController.php(33): App\Http\Controllers\ArticleController->front()
#6 [internal function]: App\Http\Controllers\ArticleController->many('en', 'front.html')
#7 /Users/santoro/GitHub/azureWEB/vendor/illuminate/container/Container.php(508): call_user_func_array(Array, Array)
#8 /Users/santoro/GitHub/azureWEB/vendor/laravel/lumen-framework/src/Concerns/RoutesRequests.php(743): Illuminate\Container\Container->call(Array, Array)
#9 /Users/santoro/GitHub/azureWEB/vendor/laravel/lumen-framework/src/Concerns/RoutesRequests.php(709): Laravel\Lumen\Application->callControllerCallable(Array, Array)
#10 /Users/santoro/GitHub/azureWEB/vendor/laravel/lumen-framework/src/Concerns/RoutesRequests.php(683): Laravel\Lumen\Application->callLumenController(Object(App\Http\Controllers\ArticleController), 'many', Array)
#11 /Users/santoro/GitHub/azureWEB/vendor/laravel/lumen-framework/src/Concerns/RoutesRequests.php(645): Laravel\Lumen\Application->callControllerAction(Array)
#12 /Users/santoro/GitHub/azureWEB/vendor/laravel/lumen-framework/src/Concerns/RoutesRequests.php(630): Laravel\Lumen\Application->callActionOnArrayBasedRoute(Array)
#13 /Users/santoro/GitHub/azureWEB/vendor/laravel/lumen-framework/src/Concerns/RoutesRequests.php(600): Laravel\Lumen\Application->handleFoundRoute(Array)
#14 /Users/santoro/GitHub/azureWEB/vendor/laravel/lumen-framework/src/Concerns/RoutesRequests.php(533): Laravel\Lumen\Application->handleDispatcherResponse(Array)
#15 /Users/santoro/GitHub/azureWEB/vendor/laravel/lumen-framework/src/Concerns/RoutesRequests.php(783): Laravel\Lumen\Application->Laravel\Lumen\Concerns\{closure}()
#16 /Users/santoro/GitHub/azureWEB/vendor/laravel/lumen-framework/src/Concerns/RoutesRequests.php(535): Laravel\Lumen\Application->sendThroughPipeline(Array, Object(Closure))
#17 /Users/santoro/GitHub/azureWEB/vendor/laravel/lumen-framework/src/Concerns/RoutesRequests.php(476): Laravel\Lumen\Application->dispatch(NULL)
#18 /Users/santoro/GitHub/azureWEB/public/index.php(28): Laravel\Lumen\Application->run()
#19 {main}  
[2017-01-25 15:57:13] lumen.ERROR: ErrorException: Undefined offset: 0 in /Users/santoro/GitHub/azureWEB/storage/framework/views/e7ee7ec23ea5f89d1d31e35c94543435e4c7613b.php:22
Stack trace:
#0 /Users/santoro/GitHub/azureWEB/storage/framework/views/e7ee7ec23ea5f89d1d31e35c94543435e4c7613b.php(22): Laravel\Lumen\Application->Laravel\Lumen\Concerns\{closure}(8, 'Undefined offse...', '/Users/santoro/...', 22, Array)
#1 /Users/santoro/GitHub/azureWEB/vendor/illuminate/view/Engines/PhpEngine.php(42): include('/Users/santoro/...')
#2 /Users/santoro/GitHub/azureWEB/vendor/illuminate/view/Engines/CompilerEngine.php(59): Illuminate\View\Engines\PhpEngine->evaluatePath('/Users/santoro/...', Array)
#3 /Users/santoro/GitHub/azureWEB/vendor/illuminate/view/View.php(149): Illuminate\View\Engines\CompilerEngine->get('/Users/santoro/...', Array)
#4 /Users/santoro/GitHub/azureWEB/vendor/illuminate/view/View.php(120): Illuminate\View\View->getContents()
#5 /Users/santoro/GitHub/azureWEB/vendor/illuminate/view/View.php(85): Illuminate\View\View->renderContents()
#6 /Users/santoro/GitHub/azureWEB/vendor/illuminate/http/Response.php(45): Illuminate\View\View->render()
#7 /Users/santoro/GitHub/azureWEB/vendor/symfony/http-foundation/Response.php(201): Illuminate\Http\Response->setContent(Object(Illuminate\View\View))
#8 /Users/santoro/GitHub/azureWEB/vendor/laravel/lumen-framework/src/Http/ResponseFactory.php(23): Symfony\Component\HttpFoundation\Response->__construct(Object(Illuminate\View\View), 200, Array)
#9 /Users/santoro/GitHub/azureWEB/vendor/laravel/lumen-framework/src/helpers.php(280): Laravel\Lumen\Http\ResponseFactory->make(Object(Illuminate\View\View), 200, Array)
#10 /Users/santoro/GitHub/azureWEB/app/Http/Controllers/ArticleController.php(34): response(Object(Illuminate\View\View), 200)
#11 [internal function]: App\Http\Controllers\ArticleController->many('en', 'front.html')
#12 /Users/santoro/GitHub/azureWEB/vendor/illuminate/container/Container.php(508): call_user_func_array(Array, Array)
#13 /Users/santoro/GitHub/azureWEB/vendor/laravel/lumen-framework/src/Concerns/RoutesRequests.php(743): Illuminate\Container\Container->call(Array, Array)
#14 /Users/santoro/GitHub/azureWEB/vendor/laravel/lumen-framework/src/Concerns/RoutesRequests.php(709): Laravel\Lumen\Application->callControllerCallable(Array, Array)
#15 /Users/santoro/GitHub/azureWEB/vendor/laravel/lumen-framework/src/Concerns/RoutesRequests.php(683): Laravel\Lumen\Application->callLumenController(Object(App\Http\Controllers\ArticleController), 'many', Array)
#16 /Users/santoro/GitHub/azureWEB/vendor/laravel/lumen-framework/src/Concerns/RoutesRequests.php(645): Laravel\Lumen\Application->callControllerAction(Array)
#17 /Users/santoro/GitHub/azureWEB/vendor/laravel/lumen-framework/src/Concerns/RoutesRequests.php(630): Laravel\Lumen\Application->callActionOnArrayBasedRoute(Array)
#18 /Users/santoro/GitHub/azureWEB/vendor/laravel/lumen-framework/src/Concerns/RoutesRequests.php(600): Laravel\Lumen\Application->handleFoundRoute(Array)
#19 /Users/santoro/GitHub/azureWEB/vendor/laravel/lumen-framework/src/Concerns/RoutesRequests.php(533): Laravel\Lumen\Application->handleDispatcherResponse(Array)
#20 /Users/santoro/GitHub/azureWEB/vendor/laravel/lumen-framework/src/Concerns/RoutesRequests.php(783): Laravel\Lumen\Application->Laravel\Lumen\Concerns\{closure}()
#21 /Users/santoro/GitHub/azureWEB/vendor/laravel/lumen-framework/src/Concerns/RoutesRequests.php(535): Laravel\Lumen\Application->sendThroughPipeline(Array, Object(Closure))
#22 /Users/santoro/GitHub/azureWEB/vendor/laravel/lumen-framework/src/Concerns/RoutesRequests.php(476): Laravel\Lumen\Application->dispatch(NULL)
#23 /Users/santoro/GitHub/azureWEB/public/index.php(28): Laravel\Lumen\Application->run()
#24 {main}

Next ErrorException: Undefined offset: 0 (View: /Users/santoro/GitHub/azureWEB/resources/views/habbo-web-news/articles-front.blade.php) in /Users/santoro/GitHub/azureWEB/storage/framework/views/e7ee7ec23ea5f89d1d31e35c94543435e4c7613b.php:22
Stack trace:
#0 /Users/santoro/GitHub/azureWEB/vendor/illuminate/view/Engines/PhpEngine.php(44): Illuminate\View\Engines\CompilerEngine->handleViewException(Object(ErrorException), 0)
#1 /Users/santoro/GitHub/azureWEB/vendor/illuminate/view/Engines/CompilerEngine.php(59): Illuminate\View\Engines\PhpEngine->evaluatePath('/Users/santoro/...', Array)
#2 /Users/santoro/GitHub/azureWEB/vendor/illuminate/view/View.php(149): Illuminate\View\Engines\CompilerEngine->get('/Users/santoro/...', Array)
#3 /Users/santoro/GitHub/azureWEB/vendor/illuminate/view/View.php(120): Illuminate\View\View->getContents()
#4 /Users/santoro/GitHub/azureWEB/vendor/illuminate/view/View.php(85): Illuminate\View\View->renderContents()
#5 /Users/santoro/GitHub/azureWEB/vendor/illuminate/http/Response.php(45): Illuminate\View\View->render()
#6 /Users/santoro/GitHub/azureWEB/vendor/symfony/http-foundation/Response.php(201): Illuminate\Http\Response->setContent(Object(Illuminate\View\View))
#7 /Users/santoro/GitHub/azureWEB/vendor/laravel/lumen-framework/src/Http/ResponseFactory.php(23): Symfony\Component\HttpFoundation\Response->__construct(Object(Illuminate\View\View), 200, Array)
#8 /Users/santoro/GitHub/azureWEB/vendor/laravel/lumen-framework/src/helpers.php(280): Laravel\Lumen\Http\ResponseFactory->make(Object(Illuminate\View\View), 200, Array)
#9 /Users/santoro/GitHub/azureWEB/app/Http/Controllers/ArticleController.php(34): response(Object(Illuminate\View\View), 200)
#10 [internal function]: App\Http\Controllers\ArticleController->many('en', 'front.html')
#11 /Users/santoro/GitHub/azureWEB/vendor/illuminate/container/Container.php(508): call_user_func_array(Array, Array)
#12 /Users/santoro/GitHub/azureWEB/vendor/laravel/lumen-framework/src/Concerns/RoutesRequests.php(743): Illuminate\Container\Container->call(Array, Array)
#13 /Users/santoro/GitHub/azureWEB/vendor/laravel/lumen-framework/src/Concerns/RoutesRequests.php(709): Laravel\Lumen\Application->callControllerCallable(Array, Array)
#14 /Users/santoro/GitHub/azureWEB/vendor/laravel/lumen-framework/src/Concerns/RoutesRequests.php(683): Laravel\Lumen\Application->callLumenController(Object(App\Http\Controllers\ArticleController), 'many', Array)
#15 /Users/santoro/GitHub/azureWEB/vendor/laravel/lumen-framework/src/Concerns/RoutesRequests.php(645): Laravel\Lumen\Application->callControllerAction(Array)
#16 /Users/santoro/GitHub/azureWEB/vendor/laravel/lumen-framework/src/Concerns/RoutesRequests.php(630): Laravel\Lumen\Application->callActionOnArrayBasedRoute(Array)
#17 /Users/santoro/GitHub/azureWEB/vendor/laravel/lumen-framework/src/Concerns/RoutesRequests.php(600): Laravel\Lumen\Application->handleFoundRoute(Array)
#18 /Users/santoro/GitHub/azureWEB/vendor/laravel/lumen-framework/src/Concerns/RoutesRequests.php(533): Laravel\Lumen\Application->handleDispatcherResponse(Array)
#19 /Users/santoro/GitHub/azureWEB/vendor/laravel/lumen-framework/src/Concerns/RoutesRequests.php(783): Laravel\Lumen\Application->Laravel\Lumen\Concerns\{closure}()
#20 /Users/santoro/GitHub/azureWEB/vendor/laravel/lumen-framework/src/Concerns/RoutesRequests.php(535): Laravel\Lumen\Application->sendThroughPipeline(Array, Object(Closure))
#21 /Users/santoro/GitHub/azureWEB/vendor/laravel/lumen-framework/src/Concerns/RoutesRequests.php(476): Laravel\Lumen\Application->dispatch(NULL)
#22 /Users/santoro/GitHub/azureWEB/public/index.php(28): Laravel\Lumen\Application->run()
#23 {main}  
[2017-01-25 15:57:41] lumen.ERROR: ErrorException: Invalid argument supplied for foreach() in /Users/santoro/GitHub/azureWEB/storage/framework/views/e7ee7ec23ea5f89d1d31e35c94543435e4c7613b.php:20
Stack trace:
#0 /Users/santoro/GitHub/azureWEB/storage/framework/views/e7ee7ec23ea5f89d1d31e35c94543435e4c7613b.php(20): Laravel\Lumen\Application->Laravel\Lumen\Concerns\{closure}(2, 'Invalid argumen...', '/Users/santoro/...', 20, Array)
#1 /Users/santoro/GitHub/azureWEB/vendor/illuminate/view/Engines/PhpEngine.php(42): include('/Users/santoro/...')
#2 /Users/santoro/GitHub/azureWEB/vendor/illuminate/view/Engines/CompilerEngine.php(59): Illuminate\View\Engines\PhpEngine->evaluatePath('/Users/santoro/...', Array)
#3 /Users/santoro/GitHub/azureWEB/vendor/illuminate/view/View.php(149): Illuminate\View\Engines\CompilerEngine->get('/Users/santoro/...', Array)
#4 /Users/santoro/GitHub/azureWEB/vendor/illuminate/view/View.php(120): Illuminate\View\View->getContents()
#5 /Users/santoro/GitHub/azureWEB/vendor/illuminate/view/View.php(85): Illuminate\View\View->renderContents()
#6 /Users/santoro/GitHub/azureWEB/vendor/illuminate/http/Response.php(45): Illuminate\View\View->render()
#7 /Users/santoro/GitHub/azureWEB/vendor/symfony/http-foundation/Response.php(201): Illuminate\Http\Response->setContent(Object(Illuminate\View\View))
#8 /Users/santoro/GitHub/azureWEB/vendor/laravel/lumen-framework/src/Http/ResponseFactory.php(23): Symfony\Component\HttpFoundation\Response->__construct(Object(Illuminate\View\View), 200, Array)
#9 /Users/santoro/GitHub/azureWEB/vendor/laravel/lumen-framework/src/helpers.php(280): Laravel\Lumen\Http\ResponseFactory->make(Object(Illuminate\View\View), 200, Array)
#10 /Users/santoro/GitHub/azureWEB/app/Http/Controllers/ArticleController.php(34): response(Object(Illuminate\View\View), 200)
#11 [internal function]: App\Http\Controllers\ArticleController->many('en', 'front.html')
#12 /Users/santoro/GitHub/azureWEB/vendor/illuminate/container/Container.php(508): call_user_func_array(Array, Array)
#13 /Users/santoro/GitHub/azureWEB/vendor/laravel/lumen-framework/src/Concerns/RoutesRequests.php(743): Illuminate\Container\Container->call(Array, Array)
#14 /Users/santoro/GitHub/azureWEB/vendor/laravel/lumen-framework/src/Concerns/RoutesRequests.php(709): Laravel\Lumen\Application->callControllerCallable(Array, Array)
#15 /Users/santoro/GitHub/azureWEB/vendor/laravel/lumen-framework/src/Concerns/RoutesRequests.php(683): Laravel\Lumen\Application->callLumenController(Object(App\Http\Controllers\ArticleController), 'many', Array)
#16 /Users/santoro/GitHub/azureWEB/vendor/laravel/lumen-framework/src/Concerns/RoutesRequests.php(645): Laravel\Lumen\Application->callControllerAction(Array)
#17 /Users/santoro/GitHub/azureWEB/vendor/laravel/lumen-framework/src/Concerns/RoutesRequests.php(630): Laravel\Lumen\Application->callActionOnArrayBasedRoute(Array)
#18 /Users/santoro/GitHub/azureWEB/vendor/laravel/lumen-framework/src/Concerns/RoutesRequests.php(600): Laravel\Lumen\Application->handleFoundRoute(Array)
#19 /Users/santoro/GitHub/azureWEB/vendor/laravel/lumen-framework/src/Concerns/RoutesRequests.php(533): Laravel\Lumen\Application->handleDispatcherResponse(Array)
#20 /Users/santoro/GitHub/azureWEB/vendor/laravel/lumen-framework/src/Concerns/RoutesRequests.php(783): Laravel\Lumen\Application->Laravel\Lumen\Concerns\{closure}()
#21 /Users/santoro/GitHub/azureWEB/vendor/laravel/lumen-framework/src/Concerns/RoutesRequests.php(535): Laravel\Lumen\Application->sendThroughPipeline(Array, Object(Closure))
#22 /Users/santoro/GitHub/azureWEB/vendor/laravel/lumen-framework/src/Concerns/RoutesRequests.php(476): Laravel\Lumen\Application->dispatch(NULL)
#23 /Users/santoro/GitHub/azureWEB/public/index.php(28): Laravel\Lumen\Application->run()
#24 {main}

Next ErrorException: Invalid argument supplied for foreach() (View: /Users/santoro/GitHub/azureWEB/resources/views/habbo-web-news/articles-front.blade.php) in /Users/santoro/GitHub/azureWEB/storage/framework/views/e7ee7ec23ea5f89d1d31e35c94543435e4c7613b.php:20
Stack trace:
#0 /Users/santoro/GitHub/azureWEB/vendor/illuminate/view/Engines/PhpEngine.php(44): Illuminate\View\Engines\CompilerEngine->handleViewException(Object(ErrorException), 0)
#1 /Users/santoro/GitHub/azureWEB/vendor/illuminate/view/Engines/CompilerEngine.php(59): Illuminate\View\Engines\PhpEngine->evaluatePath('/Users/santoro/...', Array)
#2 /Users/santoro/GitHub/azureWEB/vendor/illuminate/view/View.php(149): Illuminate\View\Engines\CompilerEngine->get('/Users/santoro/...', Array)
#3 /Users/santoro/GitHub/azureWEB/vendor/illuminate/view/View.php(120): Illuminate\View\View->getContents()
#4 /Users/santoro/GitHub/azureWEB/vendor/illuminate/view/View.php(85): Illuminate\View\View->renderContents()
#5 /Users/santoro/GitHub/azureWEB/vendor/illuminate/http/Response.php(45): Illuminate\View\View->render()
#6 /Users/santoro/GitHub/azureWEB/vendor/symfony/http-foundation/Response.php(201): Illuminate\Http\Response->setContent(Object(Illuminate\View\View))
#7 /Users/santoro/GitHub/azureWEB/vendor/laravel/lumen-framework/src/Http/ResponseFactory.php(23): Symfony\Component\HttpFoundation\Response->__construct(Object(Illuminate\View\View), 200, Array)
#8 /Users/santoro/GitHub/azureWEB/vendor/laravel/lumen-framework/src/helpers.php(280): Laravel\Lumen\Http\ResponseFactory->make(Object(Illuminate\View\View), 200, Array)
#9 /Users/santoro/GitHub/azureWEB/app/Http/Controllers/ArticleController.php(34): response(Object(Illuminate\View\View), 200)
#10 [internal function]: App\Http\Controllers\ArticleController->many('en', 'front.html')
#11 /Users/santoro/GitHub/azureWEB/vendor/illuminate/container/Container.php(508): call_user_func_array(Array, Array)
#12 /Users/santoro/GitHub/azureWEB/vendor/laravel/lumen-framework/src/Concerns/RoutesRequests.php(743): Illuminate\Container\Container->call(Array, Array)
#13 /Users/santoro/GitHub/azureWEB/vendor/laravel/lumen-framework/src/Concerns/RoutesRequests.php(709): Laravel\Lumen\Application->callControllerCallable(Array, Array)
#14 /Users/santoro/GitHub/azureWEB/vendor/laravel/lumen-framework/src/Concerns/RoutesRequests.php(683): Laravel\Lumen\Application->callLumenController(Object(App\Http\Controllers\ArticleController), 'many', Array)
#15 /Users/santoro/GitHub/azureWEB/vendor/laravel/lumen-framework/src/Concerns/RoutesRequests.php(645): Laravel\Lumen\Application->callControllerAction(Array)
#16 /Users/santoro/GitHub/azureWEB/vendor/laravel/lumen-framework/src/Concerns/RoutesRequests.php(630): Laravel\Lumen\Application->callActionOnArrayBasedRoute(Array)
#17 /Users/santoro/GitHub/azureWEB/vendor/laravel/lumen-framework/src/Concerns/RoutesRequests.php(600): Laravel\Lumen\Application->handleFoundRoute(Array)
#18 /Users/santoro/GitHub/azureWEB/vendor/laravel/lumen-framework/src/Concerns/RoutesRequests.php(533): Laravel\Lumen\Application->handleDispatcherResponse(Array)
#19 /Users/santoro/GitHub/azureWEB/vendor/laravel/lumen-framework/src/Concerns/RoutesRequests.php(783): Laravel\Lumen\Application->Laravel\Lumen\Concerns\{closure}()
#20 /Users/santoro/GitHub/azureWEB/vendor/laravel/lumen-framework/src/Concerns/RoutesRequests.php(535): Laravel\Lumen\Application->sendThroughPipeline(Array, Object(Closure))
#21 /Users/santoro/GitHub/azureWEB/vendor/laravel/lumen-framework/src/Concerns/RoutesRequests.php(476): Laravel\Lumen\Application->dispatch(NULL)
#22 /Users/santoro/GitHub/azureWEB/public/index.php(28): Laravel\Lumen\Application->run()
#23 {main}  
[2017-01-25 16:06:12] lumen.ERROR: ErrorException: explode() expects parameter 2 to be string, array given in /Users/santoro/GitHub/azureWEB/app/Http/Controllers/ArticleController.php:86
Stack trace:
#0 [internal function]: Laravel\Lumen\Application->Laravel\Lumen\Concerns\{closure}(2, 'explode() expec...', '/Users/santoro/...', 86, Array)
#1 /Users/santoro/GitHub/azureWEB/app/Http/Controllers/ArticleController.php(86): explode(',', Array)
#2 [internal function]: App\Http\Controllers\ArticleController->one('en', '2_content.html')
#3 /Users/santoro/GitHub/azureWEB/vendor/illuminate/container/Container.php(508): call_user_func_array(Array, Array)
#4 /Users/santoro/GitHub/azureWEB/vendor/laravel/lumen-framework/src/Concerns/RoutesRequests.php(743): Illuminate\Container\Container->call(Array, Array)
#5 /Users/santoro/GitHub/azureWEB/vendor/laravel/lumen-framework/src/Concerns/RoutesRequests.php(709): Laravel\Lumen\Application->callControllerCallable(Array, Array)
#6 /Users/santoro/GitHub/azureWEB/vendor/laravel/lumen-framework/src/Concerns/RoutesRequests.php(683): Laravel\Lumen\Application->callLumenController(Object(App\Http\Controllers\ArticleController), 'one', Array)
#7 /Users/santoro/GitHub/azureWEB/vendor/laravel/lumen-framework/src/Concerns/RoutesRequests.php(645): Laravel\Lumen\Application->callControllerAction(Array)
#8 /Users/santoro/GitHub/azureWEB/vendor/laravel/lumen-framework/src/Concerns/RoutesRequests.php(630): Laravel\Lumen\Application->callActionOnArrayBasedRoute(Array)
#9 /Users/santoro/GitHub/azureWEB/vendor/laravel/lumen-framework/src/Concerns/RoutesRequests.php(600): Laravel\Lumen\Application->handleFoundRoute(Array)
#10 /Users/santoro/GitHub/azureWEB/vendor/laravel/lumen-framework/src/Concerns/RoutesRequests.php(533): Laravel\Lumen\Application->handleDispatcherResponse(Array)
#11 /Users/santoro/GitHub/azureWEB/vendor/laravel/lumen-framework/src/Concerns/RoutesRequests.php(783): Laravel\Lumen\Application->Laravel\Lumen\Concerns\{closure}()
#12 /Users/santoro/GitHub/azureWEB/vendor/laravel/lumen-framework/src/Concerns/RoutesRequests.php(535): Laravel\Lumen\Application->sendThroughPipeline(Array, Object(Closure))
#13 /Users/santoro/GitHub/azureWEB/vendor/laravel/lumen-framework/src/Concerns/RoutesRequests.php(476): Laravel\Lumen\Application->dispatch(NULL)
#14 /Users/santoro/GitHub/azureWEB/public/index.php(28): Laravel\Lumen\Application->run()
#15 {main}  
[2017-01-25 16:06:19] lumen.ERROR: ErrorException: explode() expects parameter 2 to be string, array given in /Users/santoro/GitHub/azureWEB/app/Http/Controllers/ArticleController.php:86
Stack trace:
#0 [internal function]: Laravel\Lumen\Application->Laravel\Lumen\Concerns\{closure}(2, 'explode() expec...', '/Users/santoro/...', 86, Array)
#1 /Users/santoro/GitHub/azureWEB/app/Http/Controllers/ArticleController.php(86): explode(',', Array)
#2 [internal function]: App\Http\Controllers\ArticleController->one('en', '2_content.html')
#3 /Users/santoro/GitHub/azureWEB/vendor/illuminate/container/Container.php(508): call_user_func_array(Array, Array)
#4 /Users/santoro/GitHub/azureWEB/vendor/laravel/lumen-framework/src/Concerns/RoutesRequests.php(743): Illuminate\Container\Container->call(Array, Array)
#5 /Users/santoro/GitHub/azureWEB/vendor/laravel/lumen-framework/src/Concerns/RoutesRequests.php(709): Laravel\Lumen\Application->callControllerCallable(Array, Array)
#6 /Users/santoro/GitHub/azureWEB/vendor/laravel/lumen-framework/src/Concerns/RoutesRequests.php(683): Laravel\Lumen\Application->callLumenController(Object(App\Http\Controllers\ArticleController), 'one', Array)
#7 /Users/santoro/GitHub/azureWEB/vendor/laravel/lumen-framework/src/Concerns/RoutesRequests.php(645): Laravel\Lumen\Application->callControllerAction(Array)
#8 /Users/santoro/GitHub/azureWEB/vendor/laravel/lumen-framework/src/Concerns/RoutesRequests.php(630): Laravel\Lumen\Application->callActionOnArrayBasedRoute(Array)
#9 /Users/santoro/GitHub/azureWEB/vendor/laravel/lumen-framework/src/Concerns/RoutesRequests.php(600): Laravel\Lumen\Application->handleFoundRoute(Array)
#10 /Users/santoro/GitHub/azureWEB/vendor/laravel/lumen-framework/src/Concerns/RoutesRequests.php(533): Laravel\Lumen\Application->handleDispatcherResponse(Array)
#11 /Users/santoro/GitHub/azureWEB/vendor/laravel/lumen-framework/src/Concerns/RoutesRequests.php(783): Laravel\Lumen\Application->Laravel\Lumen\Concerns\{closure}()
#12 /Users/santoro/GitHub/azureWEB/vendor/laravel/lumen-framework/src/Concerns/RoutesRequests.php(535): Laravel\Lumen\Application->sendThroughPipeline(Array, Object(Closure))
#13 /Users/santoro/GitHub/azureWEB/vendor/laravel/lumen-framework/src/Concerns/RoutesRequests.php(476): Laravel\Lumen\Application->dispatch(NULL)
#14 /Users/santoro/GitHub/azureWEB/public/index.php(28): Laravel\Lumen\Application->run()
#15 {main}  
[2017-01-25 16:06:22] lumen.ERROR: ErrorException: explode() expects parameter 2 to be string, array given in /Users/santoro/GitHub/azureWEB/app/Http/Controllers/ArticleController.php:86
Stack trace:
#0 [internal function]: Laravel\Lumen\Application->Laravel\Lumen\Concerns\{closure}(2, 'explode() expec...', '/Users/santoro/...', 86, Array)
#1 /Users/santoro/GitHub/azureWEB/app/Http/Controllers/ArticleController.php(86): explode(',', Array)
#2 [internal function]: App\Http\Controllers\ArticleController->one('en', '2_content.html')
#3 /Users/santoro/GitHub/azureWEB/vendor/illuminate/container/Container.php(508): call_user_func_array(Array, Array)
#4 /Users/santoro/GitHub/azureWEB/vendor/laravel/lumen-framework/src/Concerns/RoutesRequests.php(743): Illuminate\Container\Container->call(Array, Array)
#5 /Users/santoro/GitHub/azureWEB/vendor/laravel/lumen-framework/src/Concerns/RoutesRequests.php(709): Laravel\Lumen\Application->callControllerCallable(Array, Array)
#6 /Users/santoro/GitHub/azureWEB/vendor/laravel/lumen-framework/src/Concerns/RoutesRequests.php(683): Laravel\Lumen\Application->callLumenController(Object(App\Http\Controllers\ArticleController), 'one', Array)
#7 /Users/santoro/GitHub/azureWEB/vendor/laravel/lumen-framework/src/Concerns/RoutesRequests.php(645): Laravel\Lumen\Application->callControllerAction(Array)
#8 /Users/santoro/GitHub/azureWEB/vendor/laravel/lumen-framework/src/Concerns/RoutesRequests.php(630): Laravel\Lumen\Application->callActionOnArrayBasedRoute(Array)
#9 /Users/santoro/GitHub/azureWEB/vendor/laravel/lumen-framework/src/Concerns/RoutesRequests.php(600): Laravel\Lumen\Application->handleFoundRoute(Array)
#10 /Users/santoro/GitHub/azureWEB/vendor/laravel/lumen-framework/src/Concerns/RoutesRequests.php(533): Laravel\Lumen\Application->handleDispatcherResponse(Array)
#11 /Users/santoro/GitHub/azureWEB/vendor/laravel/lumen-framework/src/Concerns/RoutesRequests.php(783): Laravel\Lumen\Application->Laravel\Lumen\Concerns\{closure}()
#12 /Users/santoro/GitHub/azureWEB/vendor/laravel/lumen-framework/src/Concerns/RoutesRequests.php(535): Laravel\Lumen\Application->sendThroughPipeline(Array, Object(Closure))
#13 /Users/santoro/GitHub/azureWEB/vendor/laravel/lumen-framework/src/Concerns/RoutesRequests.php(476): Laravel\Lumen\Application->dispatch(NULL)
#14 /Users/santoro/GitHub/azureWEB/public/index.php(28): Laravel\Lumen\Application->run()
#15 {main}  
[2017-01-25 16:07:19] lumen.ERROR: ErrorException: Indirect modification of overloaded property App\Models\Article::$categories has no effect in /Users/santoro/GitHub/azureWEB/app/Http/Controllers/ArticleController.php:89
Stack trace:
#0 /Users/santoro/GitHub/azureWEB/app/Http/Controllers/ArticleController.php(89): Laravel\Lumen\Application->Laravel\Lumen\Concerns\{closure}(8, 'Indirect modifi...', '/Users/santoro/...', 89, Array)
#1 [internal function]: App\Http\Controllers\ArticleController->one('en', '2_content.html')
#2 /Users/santoro/GitHub/azureWEB/vendor/illuminate/container/Container.php(508): call_user_func_array(Array, Array)
#3 /Users/santoro/GitHub/azureWEB/vendor/laravel/lumen-framework/src/Concerns/RoutesRequests.php(743): Illuminate\Container\Container->call(Array, Array)
#4 /Users/santoro/GitHub/azureWEB/vendor/laravel/lumen-framework/src/Concerns/RoutesRequests.php(709): Laravel\Lumen\Application->callControllerCallable(Array, Array)
#5 /Users/santoro/GitHub/azureWEB/vendor/laravel/lumen-framework/src/Concerns/RoutesRequests.php(683): Laravel\Lumen\Application->callLumenController(Object(App\Http\Controllers\ArticleController), 'one', Array)
#6 /Users/santoro/GitHub/azureWEB/vendor/laravel/lumen-framework/src/Concerns/RoutesRequests.php(645): Laravel\Lumen\Application->callControllerAction(Array)
#7 /Users/santoro/GitHub/azureWEB/vendor/laravel/lumen-framework/src/Concerns/RoutesRequests.php(630): Laravel\Lumen\Application->callActionOnArrayBasedRoute(Array)
#8 /Users/santoro/GitHub/azureWEB/vendor/laravel/lumen-framework/src/Concerns/RoutesRequests.php(600): Laravel\Lumen\Application->handleFoundRoute(Array)
#9 /Users/santoro/GitHub/azureWEB/vendor/laravel/lumen-framework/src/Concerns/RoutesRequests.php(533): Laravel\Lumen\Application->handleDispatcherResponse(Array)
#10 /Users/santoro/GitHub/azureWEB/vendor/laravel/lumen-framework/src/Concerns/RoutesRequests.php(783): Laravel\Lumen\Application->Laravel\Lumen\Concerns\{closure}()
#11 /Users/santoro/GitHub/azureWEB/vendor/laravel/lumen-framework/src/Concerns/RoutesRequests.php(535): Laravel\Lumen\Application->sendThroughPipeline(Array, Object(Closure))
#12 /Users/santoro/GitHub/azureWEB/vendor/laravel/lumen-framework/src/Concerns/RoutesRequests.php(476): Laravel\Lumen\Application->dispatch(NULL)
#13 /Users/santoro/GitHub/azureWEB/public/index.php(28): Laravel\Lumen\Application->run()
#14 {main}  
[2017-01-25 16:07:39] lumen.ERROR: ErrorException: Indirect modification of overloaded property App\Models\Article::$categories has no effect in /Users/santoro/GitHub/azureWEB/app/Http/Controllers/ArticleController.php:89
Stack trace:
#0 /Users/santoro/GitHub/azureWEB/app/Http/Controllers/ArticleController.php(89): Laravel\Lumen\Application->Laravel\Lumen\Concerns\{closure}(8, 'Indirect modifi...', '/Users/santoro/...', 89, Array)
#1 [internal function]: App\Http\Controllers\ArticleController->one('en', '2_content.html')
#2 /Users/santoro/GitHub/azureWEB/vendor/illuminate/container/Container.php(508): call_user_func_array(Array, Array)
#3 /Users/santoro/GitHub/azureWEB/vendor/laravel/lumen-framework/src/Concerns/RoutesRequests.php(743): Illuminate\Container\Container->call(Array, Array)
#4 /Users/santoro/GitHub/azureWEB/vendor/laravel/lumen-framework/src/Concerns/RoutesRequests.php(709): Laravel\Lumen\Application->callControllerCallable(Array, Array)
#5 /Users/santoro/GitHub/azureWEB/vendor/laravel/lumen-framework/src/Concerns/RoutesRequests.php(683): Laravel\Lumen\Application->callLumenController(Object(App\Http\Controllers\ArticleController), 'one', Array)
#6 /Users/santoro/GitHub/azureWEB/vendor/laravel/lumen-framework/src/Concerns/RoutesRequests.php(645): Laravel\Lumen\Application->callControllerAction(Array)
#7 /Users/santoro/GitHub/azureWEB/vendor/laravel/lumen-framework/src/Concerns/RoutesRequests.php(630): Laravel\Lumen\Application->callActionOnArrayBasedRoute(Array)
#8 /Users/santoro/GitHub/azureWEB/vendor/laravel/lumen-framework/src/Concerns/RoutesRequests.php(600): Laravel\Lumen\Application->handleFoundRoute(Array)
#9 /Users/santoro/GitHub/azureWEB/vendor/laravel/lumen-framework/src/Concerns/RoutesRequests.php(533): Laravel\Lumen\Application->handleDispatcherResponse(Array)
#10 /Users/santoro/GitHub/azureWEB/vendor/laravel/lumen-framework/src/Concerns/RoutesRequests.php(783): Laravel\Lumen\Application->Laravel\Lumen\Concerns\{closure}()
#11 /Users/santoro/GitHub/azureWEB/vendor/laravel/lumen-framework/src/Concerns/RoutesRequests.php(535): Laravel\Lumen\Application->sendThroughPipeline(Array, Object(Closure))
#12 /Users/santoro/GitHub/azureWEB/vendor/laravel/lumen-framework/src/Concerns/RoutesRequests.php(476): Laravel\Lumen\Application->dispatch(NULL)
#13 /Users/santoro/GitHub/azureWEB/public/index.php(28): Laravel\Lumen\Application->run()
#14 {main}  
[2017-01-25 16:07:41] lumen.ERROR: ErrorException: Indirect modification of overloaded property App\Models\Article::$categories has no effect in /Users/santoro/GitHub/azureWEB/app/Http/Controllers/ArticleController.php:89
Stack trace:
#0 /Users/santoro/GitHub/azureWEB/app/Http/Controllers/ArticleController.php(89): Laravel\Lumen\Application->Laravel\Lumen\Concerns\{closure}(8, 'Indirect modifi...', '/Users/santoro/...', 89, Array)
#1 [internal function]: App\Http\Controllers\ArticleController->one('en', '2_content.html')
#2 /Users/santoro/GitHub/azureWEB/vendor/illuminate/container/Container.php(508): call_user_func_array(Array, Array)
#3 /Users/santoro/GitHub/azureWEB/vendor/laravel/lumen-framework/src/Concerns/RoutesRequests.php(743): Illuminate\Container\Container->call(Array, Array)
#4 /Users/santoro/GitHub/azureWEB/vendor/laravel/lumen-framework/src/Concerns/RoutesRequests.php(709): Laravel\Lumen\Application->callControllerCallable(Array, Array)
#5 /Users/santoro/GitHub/azureWEB/vendor/laravel/lumen-framework/src/Concerns/RoutesRequests.php(683): Laravel\Lumen\Application->callLumenController(Object(App\Http\Controllers\ArticleController), 'one', Array)
#6 /Users/santoro/GitHub/azureWEB/vendor/laravel/lumen-framework/src/Concerns/RoutesRequests.php(645): Laravel\Lumen\Application->callControllerAction(Array)
#7 /Users/santoro/GitHub/azureWEB/vendor/laravel/lumen-framework/src/Concerns/RoutesRequests.php(630): Laravel\Lumen\Application->callActionOnArrayBasedRoute(Array)
#8 /Users/santoro/GitHub/azureWEB/vendor/laravel/lumen-framework/src/Concerns/RoutesRequests.php(600): Laravel\Lumen\Application->handleFoundRoute(Array)
#9 /Users/santoro/GitHub/azureWEB/vendor/laravel/lumen-framework/src/Concerns/RoutesRequests.php(533): Laravel\Lumen\Application->handleDispatcherResponse(Array)
#10 /Users/santoro/GitHub/azureWEB/vendor/laravel/lumen-framework/src/Concerns/RoutesRequests.php(783): Laravel\Lumen\Application->Laravel\Lumen\Concerns\{closure}()
#11 /Users/santoro/GitHub/azureWEB/vendor/laravel/lumen-framework/src/Concerns/RoutesRequests.php(535): Laravel\Lumen\Application->sendThroughPipeline(Array, Object(Closure))
#12 /Users/santoro/GitHub/azureWEB/vendor/laravel/lumen-framework/src/Concerns/RoutesRequests.php(476): Laravel\Lumen\Application->dispatch(NULL)
#13 /Users/santoro/GitHub/azureWEB/public/index.php(28): Laravel\Lumen\Application->run()
#14 {main}  
